{"/home/actrox/Documents/Microverse- project to submit/Module-2/To-do-List/src/module/addRemove.js": {"path":"/home/actrox/Documents/Microverse- project to submit/Module-2/To-do-List/src/module/addRemove.js","statementMap":{"0":{"start":{"line":2,"column":12},"end":{"line":2,"column":14}},"1":{"start":{"line":5,"column":17},"end":{"line":8,"column":1}},"2":{"start":{"line":6,"column":19},"end":{"line":6,"column":40}},"3":{"start":{"line":7,"column":2},"end":{"line":7,"column":42}},"4":{"start":{"line":11,"column":19},"end":{"line":17,"column":1}},"5":{"start":{"line":12,"column":2},"end":{"line":12,"column":49}},"6":{"start":{"line":12,"column":33},"end":{"line":12,"column":47}},"7":{"start":{"line":13,"column":2},"end":{"line":15,"column":5}},"8":{"start":{"line":14,"column":4},"end":{"line":14,"column":21}},"9":{"start":{"line":16,"column":2},"end":{"line":16,"column":13}},"10":{"start":{"line":19,"column":22},"end":{"line":22,"column":1}},"11":{"start":{"line":20,"column":2},"end":{"line":20,"column":37}},"12":{"start":{"line":21,"column":2},"end":{"line":21,"column":13}},"13":{"start":{"line":25,"column":16},"end":{"line":64,"column":1}},"14":{"start":{"line":26,"column":13},"end":{"line":26,"column":42}},"15":{"start":{"line":27,"column":19},"end":{"line":27,"column":50}},"16":{"start":{"line":28,"column":2},"end":{"line":28,"column":29}},"17":{"start":{"line":29,"column":2},"end":{"line":29,"column":37}},"18":{"start":{"line":31,"column":17},"end":{"line":31,"column":48}},"19":{"start":{"line":32,"column":2},"end":{"line":32,"column":23}},"20":{"start":{"line":33,"column":2},"end":{"line":33,"column":35}},"21":{"start":{"line":34,"column":2},"end":{"line":34,"column":34}},"22":{"start":{"line":36,"column":2},"end":{"line":44,"column":4}},"23":{"start":{"line":37,"column":4},"end":{"line":37,"column":45}},"24":{"start":{"line":39,"column":4},"end":{"line":43,"column":5}},"25":{"start":{"line":40,"column":6},"end":{"line":40,"column":40}},"26":{"start":{"line":42,"column":6},"end":{"line":42,"column":43}},"27":{"start":{"line":46,"column":2},"end":{"line":49,"column":3}},"28":{"start":{"line":47,"column":4},"end":{"line":47,"column":33}},"29":{"start":{"line":48,"column":4},"end":{"line":48,"column":38}},"30":{"start":{"line":51,"column":15},"end":{"line":51,"column":42}},"31":{"start":{"line":52,"column":2},"end":{"line":52,"column":33}},"32":{"start":{"line":53,"column":2},"end":{"line":53,"column":33}},"33":{"start":{"line":54,"column":2},"end":{"line":54,"column":29}},"34":{"start":{"line":55,"column":13},"end":{"line":55,"column":41}},"35":{"start":{"line":56,"column":2},"end":{"line":56,"column":40}},"36":{"start":{"line":57,"column":24},"end":{"line":57,"column":64}},"37":{"start":{"line":59,"column":2},"end":{"line":59,"column":27}},"38":{"start":{"line":60,"column":2},"end":{"line":63,"column":5}},"39":{"start":{"line":61,"column":4},"end":{"line":61,"column":32}},"40":{"start":{"line":62,"column":4},"end":{"line":62,"column":24}},"41":{"start":{"line":65,"column":0},"end":{"line":65,"column":23}}},"fnMap":{"0":{"name":"(anonymous_0)","decl":{"start":{"line":5,"column":17},"end":{"line":5,"column":18}},"loc":{"start":{"line":5,"column":23},"end":{"line":8,"column":1}},"line":5},"1":{"name":"(anonymous_1)","decl":{"start":{"line":11,"column":19},"end":{"line":11,"column":20}},"loc":{"start":{"line":11,"column":27},"end":{"line":17,"column":1}},"line":11},"2":{"name":"(anonymous_2)","decl":{"start":{"line":12,"column":23},"end":{"line":12,"column":24}},"loc":{"start":{"line":12,"column":33},"end":{"line":12,"column":47}},"line":12},"3":{"name":"(anonymous_3)","decl":{"start":{"line":13,"column":16},"end":{"line":13,"column":17}},"loc":{"start":{"line":13,"column":30},"end":{"line":15,"column":3}},"line":13},"4":{"name":"(anonymous_4)","decl":{"start":{"line":19,"column":22},"end":{"line":19,"column":23}},"loc":{"start":{"line":19,"column":40},"end":{"line":22,"column":1}},"line":19},"5":{"name":"(anonymous_5)","decl":{"start":{"line":25,"column":16},"end":{"line":25,"column":17}},"loc":{"start":{"line":25,"column":26},"end":{"line":64,"column":1}},"line":25},"6":{"name":"(anonymous_6)","decl":{"start":{"line":36,"column":21},"end":{"line":36,"column":22}},"loc":{"start":{"line":36,"column":28},"end":{"line":44,"column":3}},"line":36},"7":{"name":"(anonymous_7)","decl":{"start":{"line":60,"column":33},"end":{"line":60,"column":34}},"loc":{"start":{"line":60,"column":39},"end":{"line":63,"column":3}},"line":60}},"branchMap":{"0":{"loc":{"start":{"line":39,"column":4},"end":{"line":43,"column":5}},"type":"if","locations":[{"start":{"line":39,"column":4},"end":{"line":43,"column":5}},{"start":{"line":41,"column":11},"end":{"line":43,"column":5}}],"line":39},"1":{"loc":{"start":{"line":46,"column":2},"end":{"line":49,"column":3}},"type":"if","locations":[{"start":{"line":46,"column":2},"end":{"line":49,"column":3}},{"start":{},"end":{}}],"line":46}},"s":{"0":1,"1":1,"2":0,"3":0,"4":1,"5":0,"6":0,"7":0,"8":0,"9":0,"10":1,"11":0,"12":0,"13":1,"14":0,"15":0,"16":0,"17":0,"18":0,"19":0,"20":0,"21":0,"22":0,"23":0,"24":0,"25":0,"26":0,"27":0,"28":0,"29":0,"30":0,"31":0,"32":0,"33":0,"34":0,"35":0,"36":0,"37":0,"38":0,"39":0,"40":0,"41":1},"f":{"0":0,"1":0,"2":0,"3":0,"4":0,"5":0,"6":0,"7":0},"b":{"0":[0,0],"1":[0,0]},"_coverageSchema":"1a1c01bbd47fc00a2c39e90264f33305004495a9","hash":"3f3d80edce6bb9e46b2844070bb00e971e46d782"}
}
